  1  60   3  66  63  70  57  68 171 176  55 174 187 192  53 190 207 212  51 210 245 250  49 248 417 294  47 468 455 296 
  4  65  62  71  58  67 170 177  56 173 186 193  54 189 206 213  52 209 244 251  50 247 418 293  48 475 454 295  46 469 
 61   2  59  64 169 178  69 172 185 194 175 188 205 214 191 208 243 252 211 246 419 292 249 416 453 458 467 474 297 456 
 74   5 168 179  72 201 184 195 218 239 204 215 256 283 242 253 288 285 420 411 290 415 452 459 476 473 674 457 470  45 
167 180  73 200 183 196 219 238 203 216 257 282 241 254 287 284 423 410 289 414 451 460 291 748 675 466 477 472 669 298 
  6  75 182 197 222 235 202 217 260 279 240 255 406 281 424 409 286 421 450 461 412 747 768 465 478 749 676 673  44 471 
181 166 223 228 199 220 261 276 237 258 405 280 427 898 407 422 449 462 413 746 801 464 759 750 765 672 479 670 299 668 
 76   7 198 221 234 273 236 259 278 275 428 737 404 425 448 895 408 745 800 463 760 767 764 769 758 679 752 677 480  43 
165 224 229 264 227 262 277 274 437 608 403 426 897 742 899 744 811 828 815 808 799 802 761 766 751 770 671 482 667 300 
  8  77 226 233 272 265 438 267 402 429 738 609 736 447 896 831 894 809 812 821 814 763 772 783 680 757 678 753  42 481 
225 164 271 230 263 268 401 436 607 442 621 446 741 900 743 810 829 832 827 816 807 798 803 762 771 754 483 666 301 660 
 78   9 232 269 400 439 266 441 430 605 610 739 622 735 830 893 836 847 820 813 822 817 784 773 782 681 756 659 484  41 
143 270 163 396 231 398 435 606 443 620 445 632 617 740 835 846 833 826 881 848 819 806 797 804 755 658 665 486 661 302 
 10  79 144 399 434 593 440 431 604 611 618 623 636 633 734 837 892 845 850 825 880 823 818 785 774 781 682 657  40 485 
145 142 395 162 397 432 603 596 619 444 631 616 713 838 635 834 851 884 887 882 849 794 805 796 787 664 487 662 303 544 
 80  11 160 433 592 583 594 585 612 601 624 637 634 733 852 885 844 891 858 877 824 879 786 775 780 683 656 543 488  39 
123 146 141 394 161 586 597 602 595 630 615 712 839 714 843 856 875 886 883 888 793 778 795 788 655 542 663 490 545 304 
 12  81 124 159 582 591 584 613 600 625 638 629 732 855 872 853 890 857 876 859 878 789 776 779 684 653 548 541  38 489 
125 122 147 140 393 598 587 626 589 614 711 840 715 842 731 862 871 874 889 790 777 792 685 654 549 564 491 546 305 514 
 82  13 138 127 158 581 590 599 710 639 628 719 726 863 854 873 730 867 860 869 686 649 566 563 652 547 540 515 492  37 
113 126 121 148 139 392 703 588 627 706 721 716 841 718 727 866 861 870 687 648 791 562 651 550 565 516 497 340 513 306 
 14  83 114 137 128 157 580 697 704 709 640 707 720 725 864 729 688 647 868 561 650 567 536 517 498 539 512 493  36 341 
115 112  95 120 149 694 391 702 579 698 705 722 717 728 689 644 865 560 525 568 535 518 551 538 511 496 339 342 307 324 
 84  15 116 111 136 129 156 693 696 701 708 641 690 643 724 559 646 569 534 519 552 537 510 371 366 499 494 325 320  35 
107  96 105  94 119 150 695 390 699 578 691 576 723 558 645 570 533 524 553 526 509 520 365 500 495 370 343 338 323 308 
 16  85 108 117 110 135 130 155 692 575 700 557 642 571 532 523 554 527 508 521 360 501 372 367 348 351 326 319  34 321 
 97 106  93 104 131 118 151 574 389 382 577 572 531 386 555 528 507 522 359 502 373 364 349 352 369 344 337 322 309 318 
 86  17  98 109  90 103 134 381 154 573 388 385 556 529 506 377 356 503 374 361 332 353 368 347 350 329 316 327 312  33 
 99  92  19  88 101 132  21 152 383 380  23 530 387 378  25 504 375 358  27 354 363 334  29 330 345 336  31 314 317 310 
 18  87 100  91  20  89 102 133  22 153 384 379  24 505 376 357  26 355 362 333  28 331 346 335  30 315 328 311  32 313 
