+ abode adobe
+ adorn radon
+ agree eager
+ alert alter later
+ alloy loyal
+ aloft float
+ amber bream
+ amble blame
+ amide media
+ ample maple
+ angel angle glean
+ anger range
+ angry rangy
+ argon groan organ
+ argot gator groat
+ argue auger
+ arise raise
+ arson sonar
+ aster stare
+ attic tacit
+ aural laura
+ auric curia
+ bagel gable
+ balsa basal
+ banal nabla
+ basis bassi
+ baste beast
+ bayed beady
+ beard bread debar
+ begin being binge
+ below bowel elbow
+ bleat table
+ board broad
+ braid rabid
+ brake break
+ broth throb
+ brunt burnt
+ brush shrub
+ brute buret rebut
+ budge debug
+ bugle bulge
+ cadre cedar
+ canoe ocean
+ canst scant
+ caret carte cater crate trace
+ carne crane
+ carob cobra
+ carol coral
+ carve crave
+ cause sauce
+ chain china
+ charm march
+ cheap peach
+ cheat teach
+ chert retch
+ chief fiche
+ chine niche
+ cider cried
+ cilia iliac
+ civet evict
+ clasp scalp
+ clean lance
+ cleat eclat
+ cloud could
+ corny crony
+ credo decor
+ creep crepe
+ cruel lucre ulcer
+ csnet scent
+ dairy diary
+ dater trade tread
+ dealt delta
+ defer freed
+ deify edify
+ deity diety
+ dingy dying
+ dirge ridge
+ donor rondo
+ dowry rowdy wordy
+ drain nadir
+ drape padre
+ dusty study
+ earth hater heart
+ easel lease
+ egret greet
+ equip pique
+ ester steer terse
+ ether there three
+ ethos those
+ every veery
+ exalt latex
+ flair frail
+ flesh shelf
+ flier rifle
+ forth froth
+ freer refer
+ gamma magma
+ genre green
+ girth right
+ glans slang
+ glare lager large regal
+ grate great
+ grown wrong
+ gusty gutsy
+ hardy hydra
+ horse shore
+ inapt paint
+ incur runic
+ inert inter
+ inset stein
+ inure urine
+ knead naked
+ lapse sepal
+ latus talus
+ leapt petal plate pleat
+ learn renal
+ leash shale
+ least slate stale steal
+ lemon melon monel
+ leper repel
+ lever revel
+ maser smear
+ merit mitre remit
+ molar moral
+ monad nomad
+ motet totem
+ nasty tansy
+ navel venal
+ nerve never
+ night thing
+ north thorn
+ onset stone
+ optic topic
+ ought tough
+ palsy splay
+ panel penal plane
+ parse spare spear
+ paste septa spate
+ pater taper
+ pedal plead
+ penis snipe spine
+ peste steep
+ petri tripe
+ phase shape
+ pinto point
+ plasm psalm
+ poesy posey
+ polis spoil
+ prose spore
+ purse sprue super
+ quiet quite
+ ravel velar
+ resin rinse risen siren
+ rogue rouge
+ roost torso
+ saint satin stain
+ salve slave
+ satyr stray
+ scion sonic
+ senor snore
+ serve sever verse
+ setup upset
+ share shear
+ sheet these
+ shoot sooth
+ shout south
+ sidle slide
+ silty styli
+ sinew swine
+ skate stake steak
+ slain snail
+ sleet steel
+ slime smile
+ sloop spool
+ snake sneak
+ snoop spoon
+ spilt split
+ sport strop
+ state taste
+ straw swart
+ strut trust
+ sweat waste
+ swore worse
+ talon tonal
+ tater treat
+ throw worth
+ toady today
+ tower wrote
+ trail trial
+ trout tutor
+ vowel wolve
+ white withe
